--------------------
./configure
Fri Oct 25 10:25:27 CST 2019
=== ztest21419.c ===
extern int getchar();
int hello() {return getchar();}
===
/home/panjie/web/src/emsdk/upstream/emscripten/emcc -c ztest21419.c
... using gcc

Checking for obsessive-compulsive compiler options...
=== ztest21419.c ===
int foo() { return 0; }
===
/home/panjie/web/src/emsdk/upstream/emscripten/emcc -c -O3 ztest21419.c

Checking for shared library support...
=== ztest21419.c ===
extern int getchar();
int hello() {return getchar();}
===
/home/panjie/web/src/emsdk/upstream/emscripten/emcc -w -c -O3 -fPIC ztest21419.c
/home/panjie/web/src/emsdk/upstream/emscripten/emcc -O3 -fPIC -o ztest21419.so ztest21419.o
Building shared library libz.so.1.2.11 with /home/panjie/web/src/emsdk/upstream/emscripten/emcc.

=== ztest21419.c ===
#include <stdio.h>
#include <stdlib.h>
size_t dummy = 0;
===
/home/panjie/web/src/emsdk/upstream/emscripten/emcc -c -O3 ztest21419.c
Checking for size_t... Yes.


=== ztest21419.c ===
#include <sys/types.h>
off64_t dummy = 0;
===
/home/panjie/web/src/emsdk/upstream/emscripten/emcc -c -O3 -D_LARGEFILE64_SOURCE=1 ztest21419.c
Checking for off64_t... Yes.
Checking for fseeko... Yes.

=== ztest21419.c ===
#include <string.h>
#include <errno.h>
int main() { return strlen(strerror(errno)); }
===
/home/panjie/web/src/emsdk/upstream/emscripten/emcc -O3 -D_LARGEFILE64_SOURCE=1 -o ztest21419 ztest21419.c
Checking for strerror... Yes.

=== ztest21419.c ===
#include <unistd.h>
int main() { return 0; }
===
/home/panjie/web/src/emsdk/upstream/emscripten/emcc -c -O3 -D_LARGEFILE64_SOURCE=1 ztest21419.c
Checking for unistd.h... Yes.

=== ztest21419.c ===
#include <stdarg.h>
int main() { return 0; }
===
/home/panjie/web/src/emsdk/upstream/emscripten/emcc -c -O3 -D_LARGEFILE64_SOURCE=1 ztest21419.c
Checking for stdarg.h... Yes.

=== ztest21419.c ===
#include <stdio.h>
#include <stdarg.h>
#include "zconf.h"
int main()
{
#ifndef STDC
  choke me
#endif
  return 0;
}
===
/home/panjie/web/src/emsdk/upstream/emscripten/emcc -c -O3 -D_LARGEFILE64_SOURCE=1 ztest21419.c
Checking whether to use vs[n]printf() or s[n]printf()... using vs[n]printf().

=== ztest21419.c ===
#include <stdio.h>
#include <stdarg.h>
int mytest(const char *fmt, ...)
{
  char buf[20];
  va_list ap;
  va_start(ap, fmt);
  vsnprintf(buf, sizeof(buf), fmt, ap);
  va_end(ap);
  return 0;
}
int main()
{
  return (mytest("Hello%d\n", 1));
}
===
/home/panjie/web/src/emsdk/upstream/emscripten/emcc -O3 -D_LARGEFILE64_SOURCE=1 -o ztest21419 ztest21419.c
Checking for vsnprintf() in stdio.h... Yes.

=== ztest21419.c ===
#include <stdio.h>
#include <stdarg.h>
int mytest(const char *fmt, ...)
{
  int n;
  char buf[20];
  va_list ap;
  va_start(ap, fmt);
  n = vsnprintf(buf, sizeof(buf), fmt, ap);
  va_end(ap);
  return n;
}
int main()
{
  return (mytest("Hello%d\n", 1));
}
===
/home/panjie/web/src/emsdk/upstream/emscripten/emcc -c -O3 -D_LARGEFILE64_SOURCE=1 ztest21419.c
Checking for return value of vsnprintf()... Yes.

=== ztest21419.c ===
#define ZLIB_INTERNAL __attribute__((visibility ("hidden")))
int ZLIB_INTERNAL foo;
int main()
{
  return 0;
}
===
/home/panjie/web/src/emsdk/upstream/emscripten/emcc -c -O3 -D_LARGEFILE64_SOURCE=1 ztest21419.c
Checking for attribute(visibility) support... Yes.

ALL = static shared all64
AR = /home/panjie/web/src/emsdk/upstream/emscripten/emar
ARFLAGS = rc
CC = /home/panjie/web/src/emsdk/upstream/emscripten/emcc
CFLAGS = -O3 -D_LARGEFILE64_SOURCE=1 -DHAVE_HIDDEN
CPP = /home/panjie/web/src/emsdk/upstream/emscripten/emcc -E
EXE =
LDCONFIG = ldconfig
LDFLAGS =
LDSHARED = /home/panjie/web/src/emsdk/upstream/emscripten/emcc
LDSHAREDLIBC = -lc
OBJC = $(OBJZ) $(OBJG)
PIC_OBJC = $(PIC_OBJZ) $(PIC_OBJG)
RANLIB = /home/panjie/web/src/emsdk/upstream/emscripten/emranlib
SFLAGS = -O3 -fPIC -D_LARGEFILE64_SOURCE=1 -DHAVE_HIDDEN
SHAREDLIB = libz.so
SHAREDLIBM = libz.so.1
SHAREDLIBV = libz.so.1.2.11
STATICLIB = libz.a
TEST = all teststatic testshared test64
VER = 1.2.11
Z_U4 =
SRCDIR =
exec_prefix = ${prefix}
includedir = ${prefix}/include
libdir = ${exec_prefix}/lib
mandir = ${prefix}/share/man
prefix = /usr/local
sharedlibdir = ${libdir}
uname = Linux
--------------------


--------------------
./configure
Fri Oct 25 11:41:35 CST 2019
Checking for gcc...
=== ztest7704.c ===
extern int getchar();
int hello() {return getchar();}
===
gcc -c ztest7704.c
... using gcc

Checking for obsessive-compulsive compiler options...
=== ztest7704.c ===
int foo() { return 0; }
===
gcc -c -O3 ztest7704.c

Checking for shared library support...
=== ztest7704.c ===
extern int getchar();
int hello() {return getchar();}
===
gcc -w -c -O3 -fPIC ztest7704.c
gcc -shared -Wl,-soname,libz.so.1,--version-script,zlib.map -O3 -fPIC -o ztest7704.so ztest7704.o
Building shared library libz.so.1.2.11 with gcc.

=== ztest7704.c ===
#include <stdio.h>
#include <stdlib.h>
size_t dummy = 0;
===
gcc -c -O3 ztest7704.c
Checking for size_t... Yes.


=== ztest7704.c ===
#include <sys/types.h>
off64_t dummy = 0;
===
gcc -c -O3 -D_LARGEFILE64_SOURCE=1 ztest7704.c
Checking for off64_t... Yes.
Checking for fseeko... Yes.

=== ztest7704.c ===
#include <string.h>
#include <errno.h>
int main() { return strlen(strerror(errno)); }
===
gcc -O3 -D_LARGEFILE64_SOURCE=1 -o ztest7704 ztest7704.c
Checking for strerror... Yes.

=== ztest7704.c ===
#include <unistd.h>
int main() { return 0; }
===
gcc -c -O3 -D_LARGEFILE64_SOURCE=1 ztest7704.c
Checking for unistd.h... Yes.

=== ztest7704.c ===
#include <stdarg.h>
int main() { return 0; }
===
gcc -c -O3 -D_LARGEFILE64_SOURCE=1 ztest7704.c
Checking for stdarg.h... Yes.

=== ztest7704.c ===
#include <stdio.h>
#include <stdarg.h>
#include "zconf.h"
int main()
{
#ifndef STDC
  choke me
#endif
  return 0;
}
===
gcc -c -O3 -D_LARGEFILE64_SOURCE=1 ztest7704.c
Checking whether to use vs[n]printf() or s[n]printf()... using vs[n]printf().

=== ztest7704.c ===
#include <stdio.h>
#include <stdarg.h>
int mytest(const char *fmt, ...)
{
  char buf[20];
  va_list ap;
  va_start(ap, fmt);
  vsnprintf(buf, sizeof(buf), fmt, ap);
  va_end(ap);
  return 0;
}
int main()
{
  return (mytest("Hello%d\n", 1));
}
===
gcc -O3 -D_LARGEFILE64_SOURCE=1 -o ztest7704 ztest7704.c
Checking for vsnprintf() in stdio.h... Yes.

=== ztest7704.c ===
#include <stdio.h>
#include <stdarg.h>
int mytest(const char *fmt, ...)
{
  int n;
  char buf[20];
  va_list ap;
  va_start(ap, fmt);
  n = vsnprintf(buf, sizeof(buf), fmt, ap);
  va_end(ap);
  return n;
}
int main()
{
  return (mytest("Hello%d\n", 1));
}
===
gcc -c -O3 -D_LARGEFILE64_SOURCE=1 ztest7704.c
Checking for return value of vsnprintf()... Yes.

=== ztest7704.c ===
#define ZLIB_INTERNAL __attribute__((visibility ("hidden")))
int ZLIB_INTERNAL foo;
int main()
{
  return 0;
}
===
gcc -c -O3 -D_LARGEFILE64_SOURCE=1 ztest7704.c
Checking for attribute(visibility) support... Yes.

ALL = static shared all64
AR = ar
ARFLAGS = rc
CC = gcc
CFLAGS = -O3 -D_LARGEFILE64_SOURCE=1 -DHAVE_HIDDEN
CPP = gcc -E
EXE =
LDCONFIG = ldconfig
LDFLAGS =
LDSHARED = gcc -shared -Wl,-soname,libz.so.1,--version-script,zlib.map
LDSHAREDLIBC = -lc
OBJC = $(OBJZ) $(OBJG)
PIC_OBJC = $(PIC_OBJZ) $(PIC_OBJG)
RANLIB = ranlib
SFLAGS = -O3 -fPIC -D_LARGEFILE64_SOURCE=1 -DHAVE_HIDDEN
SHAREDLIB = libz.so
SHAREDLIBM = libz.so.1
SHAREDLIBV = libz.so.1.2.11
STATICLIB = libz.a
TEST = all teststatic testshared test64
VER = 1.2.11
Z_U4 =
SRCDIR =
exec_prefix = ${prefix}
includedir = ${prefix}/include
libdir = ${exec_prefix}/lib
mandir = ${prefix}/share/man
prefix = /usr/local
sharedlibdir = ${libdir}
uname = Linux
--------------------


